<?xml version="1.0" encoding="UTF-8"?>
<!-- Generated by org.testng.reporters.JUnitReportReporter -->
<testsuite skipped="0" hostname="SHVLSP1871F1L" name="pck1.NewTest" tests="2" failures="0" timestamp="05 Jul 2017 08:57:53 GMT" time="0.010" errors="0">
  <testcase name="f" time="0.005" classname="pck1.NewTest"/>
  <testcase name="f1" time="0.005" classname="pck1.NewTest"/>
</testsuite> <!-- pck1.NewTest -->
